Using pre-set license
Built from '2020.3/staging' branch; Version is '2020.3.0f1 (c7b5465681fb) revision 13088070'; Using compiler version '192528614'; Build Type 'Release'
OS: 'Windows 10 Pro; OS build 19041.928; Version 2004; 64bit' Language: 'en' Physical Memory: 16308 MB
BatchMode: 1, IsHumanControllingUs: 0, StartBugReporterOnCrash: 0, Is64bit: 1, IsPro: 0

 COMMAND LINE ARGUMENTS:
C:\Program Files\Unity\Hub\Editor\2020.3.0f1\Editor\Unity.exe
-adb2
-batchMode
-noUpm
-name
AssetImportWorker0
-projectPath
D:/Projects/Unity/Chemistry Game
-logFile
Logs/AssetImportWorker0.log
-srvPort
54953
Successfully changed project path to: D:/Projects/Unity/Chemistry Game
D:/Projects/Unity/Chemistry Game
Using Asset Import Pipeline V2.
Refreshing native plugins compatible for Editor in 76.40 ms, found 1 plugins.
Preloading 0 native plugins for Editor in 0.00 ms.
Initialize engine version: 2020.3.0f1 (c7b5465681fb)
[Subsystems] Discovering subsystems at path C:/Program Files/Unity/Hub/Editor/2020.3.0f1/Editor/Data/Resources/UnitySubsystems
[Subsystems] Discovering subsystems at path D:/Projects/Unity/Chemistry Game/Assets
GfxDevice: creating device client; threaded=0
Direct3D:
    Version:  Direct3D 11.0 [level 11.1]
    Renderer: NVIDIA GeForce RTX 2060 (ID=0x1f08)
    Vendor:   
    VRAM:     5980 MB
    Driver:   27.21.14.6192
Shader 'Universal Render Pipeline/Particles/Lit': fallback shader 'Universal Render Pipeline/Particles/SimpleLit' not found
Initialize mono
Mono path[0] = 'C:/Program Files/Unity/Hub/Editor/2020.3.0f1/Editor/Data/Managed'
Mono path[1] = 'C:/Program Files/Unity/Hub/Editor/2020.3.0f1/Editor/Data/MonoBleedingEdge/lib/mono/unityjit'
Mono config path = 'C:/Program Files/Unity/Hub/Editor/2020.3.0f1/Editor/Data/MonoBleedingEdge/etc'
Using monoOptions --debugger-agent=transport=dt_socket,embedding=1,server=y,suspend=n,address=127.0.0.1:56512
Begin MonoManager ReloadAssembly
Registering precompiled unity dll's ...
Register platform support module: C:/Program Files/Unity/Hub/Editor/2020.3.0f1/Editor/Data/PlaybackEngines/WindowsStandaloneSupport/UnityEditor.WindowsStandalone.Extensions.dll
Registered in 0.002184 seconds.
Native extension for WindowsStandalone target not found
Refreshing native plugins compatible for Editor in 66.60 ms, found 1 plugins.
Preloading 0 native plugins for Editor in 0.00 ms.
Invoked RoslynAnalysisRunner static constructor.
RoslynAnalysisRunner will not be running.
RoslynAnalysisRunner has terminated.
Mono: successfully reloaded assembly
- Completed reload, in  1.338 seconds
Platform modules already initialized, skipping
Registering precompiled user dll's ...
Registered in 0.001143 seconds.
Begin MonoManager ReloadAssembly
Native extension for WindowsStandalone target not found
Refreshing native plugins compatible for Editor in 68.92 ms, found 1 plugins.
Preloading 0 native plugins for Editor in 0.00 ms.
Invoked RoslynAnalysisRunner static constructor.
RoslynAnalysisRunner will not be running.
RoslynAnalysisRunner has terminated.
Mono: successfully reloaded assembly
- Completed reload, in  1.431 seconds
Platform modules already initialized, skipping
========================================================================
Worker process is ready to serve import requests
Shader 'Universal Render Pipeline/Particles/Lit': fallback shader 'Universal Render Pipeline/Particles/SimpleLit' not found
Launched and connected shader compiler UnityShaderCompiler.exe after 0.08 seconds
Refreshing native plugins compatible for Editor in 0.86 ms, found 1 plugins.
Preloading 0 native plugins for Editor in 0.00 ms.
Unloading 2950 Unused Serialized files (Serialized files now loaded: 0)
System memory in use before: 129.0 MB.
System memory in use after: 129.0 MB.

Unloading 25 unused Assets to reduce memory usage. Loaded Objects now: 3394.
Total: 4.238200 ms (FindLiveObjects: 0.919400 ms CreateObjectMapping: 0.248500 ms MarkObjects: 2.763600 ms  DeleteObjects: 0.304300 ms)

========================================================================
Received Import Request.
  path: Assets/GridGenerator.cs
  artifactKey: Guid(ff19a25eef3708d409129fc23179f142) Importer(815301076,1909f56bfc062723c751e8b465ee728b)
Start importing Assets/GridGenerator.cs using Guid(ff19a25eef3708d409129fc23179f142) Importer(815301076,1909f56bfc062723c751e8b465ee728b)  -> (artifact id: 'e7eb71bc68b37a340b6e5fd6f8306db6') in 0.045512 seconds
  Import took 0.058970 seconds .

========================================================================
Received Import Request.
  Time since last request: 4722.880989 seconds.
  path: Assets/Particle.cs
  artifactKey: Guid(e27e22984dfe003449cd0bc96e57d433) Importer(815301076,1909f56bfc062723c751e8b465ee728b)
Start importing Assets/Particle.cs using Guid(e27e22984dfe003449cd0bc96e57d433) Importer(815301076,1909f56bfc062723c751e8b465ee728b)  -> (artifact id: 'e09ac25dba2d3dd504c5cba9560959c2') in 0.007707 seconds
  Import took 0.036227 seconds .

========================================================================
Received Import Request.
  Time since last request: 12.637887 seconds.
  path: Assets/Particle.cs
  artifactKey: Guid(e27e22984dfe003449cd0bc96e57d433) Importer(815301076,1909f56bfc062723c751e8b465ee728b)
Start importing Assets/Particle.cs using Guid(e27e22984dfe003449cd0bc96e57d433) Importer(815301076,1909f56bfc062723c751e8b465ee728b)  -> (artifact id: 'de70cf7d7fadd157e7426d208c37094a') in 0.002223 seconds
  Import took 0.024050 seconds .

========================================================================
Received Import Request.
  Time since last request: 1.213666 seconds.
  path: Assets/Particles/ParticlePrefab.prefab
  artifactKey: Guid(2186f20a2ab512f4a84232d55756d7ea) Importer(815301076,1909f56bfc062723c751e8b465ee728b)
Start importing Assets/Particles/ParticlePrefab.prefab using Guid(2186f20a2ab512f4a84232d55756d7ea) Importer(815301076,1909f56bfc062723c751e8b465ee728b)  -> (artifact id: '186851a0936fb07715785c5cc6c44467') in 0.265902 seconds
  Import took 0.273037 seconds .

========================================================================
Received Import Request.
  Time since last request: 2.968078 seconds.
  path: Assets/Particles/ParticlePrefab.prefab
  artifactKey: Guid(2186f20a2ab512f4a84232d55756d7ea) Importer(815301076,1909f56bfc062723c751e8b465ee728b)
Start importing Assets/Particles/ParticlePrefab.prefab using Guid(2186f20a2ab512f4a84232d55756d7ea) Importer(815301076,1909f56bfc062723c751e8b465ee728b)  -> (artifact id: '0971aeef21c1a57d53f281fc48b11f6a') in 0.007890 seconds
  Import took 0.016872 seconds .

========================================================================
Received Prepare
Registering precompiled user dll's ...
Registered in 0.001161 seconds.
Begin MonoManager ReloadAssembly
Native extension for WindowsStandalone target not found
Refreshing native plugins compatible for Editor in 0.54 ms, found 1 plugins.
Preloading 0 native plugins for Editor in 0.00 ms.
Invoked RoslynAnalysisRunner static constructor.
RoslynAnalysisRunner will not be running.
RoslynAnalysisRunner has terminated.
Mono: successfully reloaded assembly
- Completed reload, in  0.867 seconds
Platform modules already initialized, skipping
Shader 'Universal Render Pipeline/Particles/Lit': fallback shader 'Universal Render Pipeline/Particles/SimpleLit' not found
Refreshing native plugins compatible for Editor in 0.45 ms, found 1 plugins.
Preloading 0 native plugins for Editor in 0.00 ms.
Unloading 2842 Unused Serialized files (Serialized files now loaded: 0)
System memory in use before: 128.3 MB.
System memory in use after: 128.4 MB.

Unloading 13 unused Assets to reduce memory usage. Loaded Objects now: 3443.
Total: 2.847800 ms (FindLiveObjects: 0.335200 ms CreateObjectMapping: 0.251400 ms MarkObjects: 2.156300 ms  DeleteObjects: 0.104100 ms)

========================================================================
Received Prepare
Registering precompiled user dll's ...
Registered in 0.001032 seconds.
Begin MonoManager ReloadAssembly
Native extension for WindowsStandalone target not found
Refreshing native plugins compatible for Editor in 0.45 ms, found 1 plugins.
Preloading 0 native plugins for Editor in 0.00 ms.
Invoked RoslynAnalysisRunner static constructor.
RoslynAnalysisRunner will not be running.
RoslynAnalysisRunner has terminated.
Mono: successfully reloaded assembly
- Completed reload, in  0.781 seconds
Platform modules already initialized, skipping
Shader 'Universal Render Pipeline/Particles/Lit': fallback shader 'Universal Render Pipeline/Particles/SimpleLit' not found
Refreshing native plugins compatible for Editor in 0.47 ms, found 1 plugins.
Preloading 0 native plugins for Editor in 0.00 ms.
Unloading 2842 Unused Serialized files (Serialized files now loaded: 0)
System memory in use before: 128.4 MB.
System memory in use after: 128.5 MB.

Unloading 13 unused Assets to reduce memory usage. Loaded Objects now: 3447.
Total: 2.454900 ms (FindLiveObjects: 0.281800 ms CreateObjectMapping: 0.140800 ms MarkObjects: 1.928200 ms  DeleteObjects: 0.103200 ms)

========================================================================
Received Prepare
Registering precompiled user dll's ...
Registered in 0.001343 seconds.
Begin MonoManager ReloadAssembly
Native extension for WindowsStandalone target not found
Refreshing native plugins compatible for Editor in 0.44 ms, found 1 plugins.
Preloading 0 native plugins for Editor in 0.00 ms.
Invoked RoslynAnalysisRunner static constructor.
RoslynAnalysisRunner will not be running.
RoslynAnalysisRunner has terminated.
Mono: successfully reloaded assembly
- Completed reload, in  0.755 seconds
Platform modules already initialized, skipping
Shader 'Universal Render Pipeline/Particles/Lit': fallback shader 'Universal Render Pipeline/Particles/SimpleLit' not found
Refreshing native plugins compatible for Editor in 0.49 ms, found 1 plugins.
Preloading 0 native plugins for Editor in 0.00 ms.
Unloading 2842 Unused Serialized files (Serialized files now loaded: 0)
System memory in use before: 128.4 MB.
System memory in use after: 128.5 MB.

Unloading 13 unused Assets to reduce memory usage. Loaded Objects now: 3451.
Total: 2.491400 ms (FindLiveObjects: 0.421500 ms CreateObjectMapping: 0.151300 ms MarkObjects: 1.811900 ms  DeleteObjects: 0.103300 ms)

========================================================================
Received Import Request.
  Time since last request: 3503.265369 seconds.
  path: Assets/Particle.cs
  artifactKey: Guid(e27e22984dfe003449cd0bc96e57d433) Importer(815301076,1909f56bfc062723c751e8b465ee728b)
Start importing Assets/Particle.cs using Guid(e27e22984dfe003449cd0bc96e57d433) Importer(815301076,1909f56bfc062723c751e8b465ee728b)  -> (artifact id: '805f5dcd41b58f3a6013786fb6efdd0d') in 0.005659 seconds
  Import took 0.028757 seconds .

========================================================================
Received Import Request.
  Time since last request: 86.329949 seconds.
  path: Assets/Particle.cs
  artifactKey: Guid(e27e22984dfe003449cd0bc96e57d433) Importer(815301076,1909f56bfc062723c751e8b465ee728b)
Start importing Assets/Particle.cs using Guid(e27e22984dfe003449cd0bc96e57d433) Importer(815301076,1909f56bfc062723c751e8b465ee728b)  -> (artifact id: 'd8a0f853548434a71a6d8393938751ad') in 0.002495 seconds
  Import took 0.023263 seconds .

========================================================================
Received Import Request.
  Time since last request: 0.285662 seconds.
  path: Assets/Particle.cs
  artifactKey: Guid(e27e22984dfe003449cd0bc96e57d433) Importer(815301076,1909f56bfc062723c751e8b465ee728b)
Start importing Assets/Particle.cs using Guid(e27e22984dfe003449cd0bc96e57d433) Importer(815301076,1909f56bfc062723c751e8b465ee728b)  -> (artifact id: 'd8a0f853548434a71a6d8393938751ad') in 0.002093 seconds
  Import took 0.006602 seconds .

========================================================================
Received Prepare
Registering precompiled user dll's ...
Registered in 0.001146 seconds.
Begin MonoManager ReloadAssembly
Native extension for WindowsStandalone target not found
Refreshing native plugins compatible for Editor in 0.50 ms, found 1 plugins.
Preloading 0 native plugins for Editor in 0.00 ms.
Invoked RoslynAnalysisRunner static constructor.
RoslynAnalysisRunner will not be running.
RoslynAnalysisRunner has terminated.
Mono: successfully reloaded assembly
- Completed reload, in  0.789 seconds
Platform modules already initialized, skipping
Shader 'Universal Render Pipeline/Particles/Lit': fallback shader 'Universal Render Pipeline/Particles/SimpleLit' not found
Refreshing native plugins compatible for Editor in 0.45 ms, found 1 plugins.
Preloading 0 native plugins for Editor in 0.00 ms.
Unloading 2842 Unused Serialized files (Serialized files now loaded: 0)
System memory in use before: 128.4 MB.
System memory in use after: 128.5 MB.

Unloading 13 unused Assets to reduce memory usage. Loaded Objects now: 3455.
Total: 3.194900 ms (FindLiveObjects: 0.356600 ms CreateObjectMapping: 0.170600 ms MarkObjects: 2.537000 ms  DeleteObjects: 0.128900 ms)

========================================================================
Received Import Request.
  Time since last request: 81.646830 seconds.
  path: Assets/Particle.cs
  artifactKey: Guid(e27e22984dfe003449cd0bc96e57d433) Importer(815301076,1909f56bfc062723c751e8b465ee728b)
Start importing Assets/Particle.cs using Guid(e27e22984dfe003449cd0bc96e57d433) Importer(815301076,1909f56bfc062723c751e8b465ee728b)  -> (artifact id: 'a3350c2f9a07550ffa656c8e525a7828') in 0.004215 seconds
  Import took 0.030641 seconds .

========================================================================
Received Import Request.
  Time since last request: 0.067646 seconds.
  path: Assets/Particle.cs
  artifactKey: Guid(e27e22984dfe003449cd0bc96e57d433) Importer(815301076,1909f56bfc062723c751e8b465ee728b)
Start importing Assets/Particle.cs using Guid(e27e22984dfe003449cd0bc96e57d433) Importer(815301076,1909f56bfc062723c751e8b465ee728b)  -> (artifact id: 'a3350c2f9a07550ffa656c8e525a7828') in 0.001529 seconds
  Import took 0.005680 seconds .

========================================================================
Received Prepare
Registering precompiled user dll's ...
Registered in 0.001068 seconds.
Begin MonoManager ReloadAssembly
Native extension for WindowsStandalone target not found
Refreshing native plugins compatible for Editor in 0.45 ms, found 1 plugins.
Preloading 0 native plugins for Editor in 0.00 ms.
Invoked RoslynAnalysisRunner static constructor.
RoslynAnalysisRunner will not be running.
RoslynAnalysisRunner has terminated.
Mono: successfully reloaded assembly
- Completed reload, in  0.769 seconds
Platform modules already initialized, skipping
Shader 'Universal Render Pipeline/Particles/Lit': fallback shader 'Universal Render Pipeline/Particles/SimpleLit' not found
Refreshing native plugins compatible for Editor in 0.45 ms, found 1 plugins.
Preloading 0 native plugins for Editor in 0.00 ms.
Unloading 2842 Unused Serialized files (Serialized files now loaded: 0)
System memory in use before: 128.4 MB.
System memory in use after: 128.5 MB.

Unloading 13 unused Assets to reduce memory usage. Loaded Objects now: 3459.
Total: 2.475000 ms (FindLiveObjects: 0.276700 ms CreateObjectMapping: 0.120100 ms MarkObjects: 1.977000 ms  DeleteObjects: 0.100600 ms)

========================================================================
Received Prepare
Registering precompiled user dll's ...
Registered in 0.001750 seconds.
Begin MonoManager ReloadAssembly
Native extension for WindowsStandalone target not found
Refreshing native plugins compatible for Editor in 0.45 ms, found 1 plugins.
Preloading 0 native plugins for Editor in 0.00 ms.
Invoked RoslynAnalysisRunner static constructor.
RoslynAnalysisRunner will not be running.
RoslynAnalysisRunner has terminated.
Mono: successfully reloaded assembly
- Completed reload, in  0.766 seconds
Platform modules already initialized, skipping
Shader 'Universal Render Pipeline/Particles/Lit': fallback shader 'Universal Render Pipeline/Particles/SimpleLit' not found
Refreshing native plugins compatible for Editor in 0.46 ms, found 1 plugins.
Preloading 0 native plugins for Editor in 0.00 ms.
Unloading 2842 Unused Serialized files (Serialized files now loaded: 0)
System memory in use before: 128.4 MB.
System memory in use after: 128.6 MB.

Unloading 13 unused Assets to reduce memory usage. Loaded Objects now: 3463.
Total: 2.372400 ms (FindLiveObjects: 0.285300 ms CreateObjectMapping: 0.133500 ms MarkObjects: 1.848200 ms  DeleteObjects: 0.104200 ms)

========================================================================
Received Prepare
Registering precompiled user dll's ...
Registered in 0.001017 seconds.
Begin MonoManager ReloadAssembly
Native extension for WindowsStandalone target not found
Refreshing native plugins compatible for Editor in 0.49 ms, found 1 plugins.
Preloading 0 native plugins for Editor in 0.00 ms.
Invoked RoslynAnalysisRunner static constructor.
RoslynAnalysisRunner will not be running.
RoslynAnalysisRunner has terminated.
Mono: successfully reloaded assembly
- Completed reload, in  0.794 seconds
Platform modules already initialized, skipping
Shader 'Universal Render Pipeline/Particles/Lit': fallback shader 'Universal Render Pipeline/Particles/SimpleLit' not found
Refreshing native plugins compatible for Editor in 0.46 ms, found 1 plugins.
Preloading 0 native plugins for Editor in 0.00 ms.
Unloading 2842 Unused Serialized files (Serialized files now loaded: 0)
System memory in use before: 128.5 MB.
System memory in use after: 128.6 MB.

Unloading 13 unused Assets to reduce memory usage. Loaded Objects now: 3467.
Total: 2.443400 ms (FindLiveObjects: 0.323600 ms CreateObjectMapping: 0.132100 ms MarkObjects: 1.885500 ms  DeleteObjects: 0.101300 ms)

========================================================================
Received Prepare
Registering precompiled user dll's ...
Registered in 0.001082 seconds.
Begin MonoManager ReloadAssembly
Native extension for WindowsStandalone target not found
Refreshing native plugins compatible for Editor in 0.53 ms, found 1 plugins.
Preloading 0 native plugins for Editor in 0.00 ms.
Invoked RoslynAnalysisRunner static constructor.
RoslynAnalysisRunner will not be running.
RoslynAnalysisRunner has terminated.
Mono: successfully reloaded assembly
- Completed reload, in  0.768 seconds
Platform modules already initialized, skipping
Shader 'Universal Render Pipeline/Particles/Lit': fallback shader 'Universal Render Pipeline/Particles/SimpleLit' not found
Refreshing native plugins compatible for Editor in 0.45 ms, found 1 plugins.
Preloading 0 native plugins for Editor in 0.00 ms.
Unloading 2842 Unused Serialized files (Serialized files now loaded: 0)
System memory in use before: 128.5 MB.
System memory in use after: 128.6 MB.

Unloading 13 unused Assets to reduce memory usage. Loaded Objects now: 3471.
Total: 2.413000 ms (FindLiveObjects: 0.314700 ms CreateObjectMapping: 0.118400 ms MarkObjects: 1.866600 ms  DeleteObjects: 0.112500 ms)

========================================================================
Received Prepare
Registering precompiled user dll's ...
Registered in 0.001091 seconds.
Begin MonoManager ReloadAssembly
Native extension for WindowsStandalone target not found
Refreshing native plugins compatible for Editor in 0.44 ms, found 1 plugins.
Preloading 0 native plugins for Editor in 0.00 ms.
Invoked RoslynAnalysisRunner static constructor.
RoslynAnalysisRunner will not be running.
RoslynAnalysisRunner has terminated.
Mono: successfully reloaded assembly
- Completed reload, in  0.770 seconds
Platform modules already initialized, skipping
Shader 'Universal Render Pipeline/Particles/Lit': fallback shader 'Universal Render Pipeline/Particles/SimpleLit' not found
Refreshing native plugins compatible for Editor in 0.47 ms, found 1 plugins.
Preloading 0 native plugins for Editor in 0.00 ms.
Unloading 2842 Unused Serialized files (Serialized files now loaded: 0)
System memory in use before: 128.5 MB.
System memory in use after: 128.6 MB.

Unloading 13 unused Assets to reduce memory usage. Loaded Objects now: 3475.
Total: 2.391000 ms (FindLiveObjects: 0.280200 ms CreateObjectMapping: 0.130100 ms MarkObjects: 1.871200 ms  DeleteObjects: 0.108200 ms)

========================================================================
Received Import Request.
  Time since last request: 335.535361 seconds.
  path: Assets/Resources
  artifactKey: Guid(f68d45f9f4adbf8499edaa0df8f083dd) Importer(815301076,1909f56bfc062723c751e8b465ee728b)
Start importing Assets/Resources using Guid(f68d45f9f4adbf8499edaa0df8f083dd) Importer(815301076,1909f56bfc062723c751e8b465ee728b)  -> (artifact id: 'df85fac4c2c3bc7ff709c35d58155f37') in 0.009772 seconds
  Import took 0.034812 seconds .

========================================================================
Received Prepare
Registering precompiled user dll's ...
Registered in 0.001215 seconds.
Begin MonoManager ReloadAssembly
Native extension for WindowsStandalone target not found
Refreshing native plugins compatible for Editor in 0.44 ms, found 1 plugins.
Preloading 0 native plugins for Editor in 0.00 ms.
Invoked RoslynAnalysisRunner static constructor.
RoslynAnalysisRunner will not be running.
RoslynAnalysisRunner has terminated.
Mono: successfully reloaded assembly
- Completed reload, in  0.800 seconds
Platform modules already initialized, skipping
Shader 'Universal Render Pipeline/Particles/Lit': fallback shader 'Universal Render Pipeline/Particles/SimpleLit' not found
Refreshing native plugins compatible for Editor in 0.45 ms, found 1 plugins.
Preloading 0 native plugins for Editor in 0.00 ms.
Unloading 2842 Unused Serialized files (Serialized files now loaded: 0)
System memory in use before: 128.5 MB.
System memory in use after: 128.6 MB.

Unloading 13 unused Assets to reduce memory usage. Loaded Objects now: 3479.
Total: 2.397800 ms (FindLiveObjects: 0.278700 ms CreateObjectMapping: 0.123100 ms MarkObjects: 1.893200 ms  DeleteObjects: 0.102300 ms)

========================================================================
Received Prepare
Registering precompiled user dll's ...
Registered in 0.001087 seconds.
Begin MonoManager ReloadAssembly
Native extension for WindowsStandalone target not found
Refreshing native plugins compatible for Editor in 0.44 ms, found 1 plugins.
Preloading 0 native plugins for Editor in 0.00 ms.
Invoked RoslynAnalysisRunner static constructor.
RoslynAnalysisRunner will not be running.
RoslynAnalysisRunner has terminated.
Mono: successfully reloaded assembly
- Completed reload, in  0.782 seconds
Platform modules already initialized, skipping
Shader 'Universal Render Pipeline/Particles/Lit': fallback shader 'Universal Render Pipeline/Particles/SimpleLit' not found
Refreshing native plugins compatible for Editor in 0.46 ms, found 1 plugins.
Preloading 0 native plugins for Editor in 0.00 ms.
Unloading 2842 Unused Serialized files (Serialized files now loaded: 0)
System memory in use before: 128.5 MB.
System memory in use after: 128.6 MB.

Unloading 13 unused Assets to reduce memory usage. Loaded Objects now: 3483.
Total: 2.675100 ms (FindLiveObjects: 0.341500 ms CreateObjectMapping: 0.154000 ms MarkObjects: 2.059500 ms  DeleteObjects: 0.119000 ms)

========================================================================
Received Prepare
Registering precompiled user dll's ...
Registered in 0.001187 seconds.
Begin MonoManager ReloadAssembly
Native extension for WindowsStandalone target not found
Refreshing native plugins compatible for Editor in 0.44 ms, found 1 plugins.
Preloading 0 native plugins for Editor in 0.00 ms.
Invoked RoslynAnalysisRunner static constructor.
RoslynAnalysisRunner will not be running.
RoslynAnalysisRunner has terminated.
Mono: successfully reloaded assembly
- Completed reload, in  0.779 seconds
Platform modules already initialized, skipping
Shader 'Universal Render Pipeline/Particles/Lit': fallback shader 'Universal Render Pipeline/Particles/SimpleLit' not found
Refreshing native plugins compatible for Editor in 0.46 ms, found 1 plugins.
Preloading 0 native plugins for Editor in 0.00 ms.
Unloading 2842 Unused Serialized files (Serialized files now loaded: 0)
System memory in use before: 128.5 MB.
System memory in use after: 128.6 MB.

Unloading 13 unused Assets to reduce memory usage. Loaded Objects now: 3487.
Total: 2.529300 ms (FindLiveObjects: 0.267600 ms CreateObjectMapping: 0.109100 ms MarkObjects: 2.052100 ms  DeleteObjects: 0.099900 ms)

========================================================================
Received Prepare
Registering precompiled user dll's ...
Registered in 0.001059 seconds.
Begin MonoManager ReloadAssembly
Native extension for WindowsStandalone target not found
Refreshing native plugins compatible for Editor in 0.46 ms, found 1 plugins.
Preloading 0 native plugins for Editor in 0.00 ms.
Invoked RoslynAnalysisRunner static constructor.
RoslynAnalysisRunner will not be running.
RoslynAnalysisRunner has terminated.
Mono: successfully reloaded assembly
- Completed reload, in  0.775 seconds
Platform modules already initialized, skipping
Shader 'Universal Render Pipeline/Particles/Lit': fallback shader 'Universal Render Pipeline/Particles/SimpleLit' not found
Refreshing native plugins compatible for Editor in 0.49 ms, found 1 plugins.
Preloading 0 native plugins for Editor in 0.00 ms.
Unloading 2842 Unused Serialized files (Serialized files now loaded: 0)
System memory in use before: 128.5 MB.
System memory in use after: 128.6 MB.

Unloading 13 unused Assets to reduce memory usage. Loaded Objects now: 3491.
Total: 3.001600 ms (FindLiveObjects: 0.319000 ms CreateObjectMapping: 0.171100 ms MarkObjects: 2.341800 ms  DeleteObjects: 0.168800 ms)

========================================================================
Received Prepare
Registering precompiled user dll's ...
Registered in 0.001066 seconds.
Begin MonoManager ReloadAssembly
Native extension for WindowsStandalone target not found
Refreshing native plugins compatible for Editor in 0.44 ms, found 1 plugins.
Preloading 0 native plugins for Editor in 0.00 ms.
Invoked RoslynAnalysisRunner static constructor.
RoslynAnalysisRunner will not be running.
RoslynAnalysisRunner has terminated.
Mono: successfully reloaded assembly
- Completed reload, in  0.770 seconds
Platform modules already initialized, skipping
Shader 'Universal Render Pipeline/Particles/Lit': fallback shader 'Universal Render Pipeline/Particles/SimpleLit' not found
Refreshing native plugins compatible for Editor in 0.45 ms, found 1 plugins.
Preloading 0 native plugins for Editor in 0.00 ms.
Unloading 2842 Unused Serialized files (Serialized files now loaded: 0)
System memory in use before: 128.5 MB.
System memory in use after: 128.6 MB.

Unloading 13 unused Assets to reduce memory usage. Loaded Objects now: 3495.
Total: 2.598800 ms (FindLiveObjects: 0.364500 ms CreateObjectMapping: 0.159100 ms MarkObjects: 1.956100 ms  DeleteObjects: 0.117800 ms)

========================================================================
Received Prepare
Registering precompiled user dll's ...
Registered in 0.001035 seconds.
Begin MonoManager ReloadAssembly
Native extension for WindowsStandalone target not found
Refreshing native plugins compatible for Editor in 0.45 ms, found 1 plugins.
Preloading 0 native plugins for Editor in 0.00 ms.
Invoked RoslynAnalysisRunner static constructor.
RoslynAnalysisRunner will not be running.
RoslynAnalysisRunner has terminated.
Mono: successfully reloaded assembly
- Completed reload, in  0.776 seconds
Platform modules already initialized, skipping
Shader 'Universal Render Pipeline/Particles/Lit': fallback shader 'Universal Render Pipeline/Particles/SimpleLit' not found
Refreshing native plugins compatible for Editor in 0.45 ms, found 1 plugins.
Preloading 0 native plugins for Editor in 0.00 ms.
Unloading 2842 Unused Serialized files (Serialized files now loaded: 0)
System memory in use before: 128.5 MB.
System memory in use after: 128.6 MB.

Unloading 13 unused Assets to reduce memory usage. Loaded Objects now: 3499.
Total: 2.540000 ms (FindLiveObjects: 0.271100 ms CreateObjectMapping: 0.149900 ms MarkObjects: 2.012600 ms  DeleteObjects: 0.105400 ms)

========================================================================
Received Prepare
Registering precompiled user dll's ...
Registered in 0.001139 seconds.
Begin MonoManager ReloadAssembly
Native extension for WindowsStandalone target not found
Refreshing native plugins compatible for Editor in 0.50 ms, found 1 plugins.
Preloading 0 native plugins for Editor in 0.00 ms.
Invoked RoslynAnalysisRunner static constructor.
RoslynAnalysisRunner will not be running.
RoslynAnalysisRunner has terminated.
Mono: successfully reloaded assembly
- Completed reload, in  0.753 seconds
Platform modules already initialized, skipping
Shader 'Universal Render Pipeline/Particles/Lit': fallback shader 'Universal Render Pipeline/Particles/SimpleLit' not found
Refreshing native plugins compatible for Editor in 0.52 ms, found 1 plugins.
Preloading 0 native plugins for Editor in 0.00 ms.
Unloading 2842 Unused Serialized files (Serialized files now loaded: 0)
System memory in use before: 128.5 MB.
System memory in use after: 128.6 MB.

Unloading 13 unused Assets to reduce memory usage. Loaded Objects now: 3503.
Total: 4.295700 ms (FindLiveObjects: 0.623300 ms CreateObjectMapping: 0.201000 ms MarkObjects: 3.330400 ms  DeleteObjects: 0.139600 ms)

========================================================================
Received Prepare
Registering precompiled user dll's ...
Registered in 0.001100 seconds.
Begin MonoManager ReloadAssembly
Native extension for WindowsStandalone target not found
Refreshing native plugins compatible for Editor in 0.47 ms, found 1 plugins.
Preloading 0 native plugins for Editor in 0.00 ms.
Invoked RoslynAnalysisRunner static constructor.
RoslynAnalysisRunner will not be running.
RoslynAnalysisRunner has terminated.
Mono: successfully reloaded assembly
- Completed reload, in  0.758 seconds
Platform modules already initialized, skipping
Shader 'Universal Render Pipeline/Particles/Lit': fallback shader 'Universal Render Pipeline/Particles/SimpleLit' not found
Refreshing native plugins compatible for Editor in 0.45 ms, found 1 plugins.
Preloading 0 native plugins for Editor in 0.00 ms.
Unloading 2842 Unused Serialized files (Serialized files now loaded: 0)
System memory in use before: 128.5 MB.
System memory in use after: 128.7 MB.

Unloading 13 unused Assets to reduce memory usage. Loaded Objects now: 3507.
Total: 2.378900 ms (FindLiveObjects: 0.269200 ms CreateObjectMapping: 0.120900 ms MarkObjects: 1.884300 ms  DeleteObjects: 0.104000 ms)

========================================================================
Received Prepare
Registering precompiled user dll's ...
Registered in 0.001312 seconds.
Begin MonoManager ReloadAssembly
Native extension for WindowsStandalone target not found
Refreshing native plugins compatible for Editor in 0.81 ms, found 1 plugins.
Preloading 0 native plugins for Editor in 0.00 ms.
Invoked RoslynAnalysisRunner static constructor.
RoslynAnalysisRunner will not be running.
RoslynAnalysisRunner has terminated.
Mono: successfully reloaded assembly
- Completed reload, in  0.764 seconds
Platform modules already initialized, skipping
Shader 'Universal Render Pipeline/Particles/Lit': fallback shader 'Universal Render Pipeline/Particles/SimpleLit' not found
Refreshing native plugins compatible for Editor in 0.46 ms, found 1 plugins.
Preloading 0 native plugins for Editor in 0.00 ms.
Unloading 2842 Unused Serialized files (Serialized files now loaded: 0)
System memory in use before: 128.6 MB.
System memory in use after: 128.7 MB.

Unloading 13 unused Assets to reduce memory usage. Loaded Objects now: 3511.
Total: 2.848100 ms (FindLiveObjects: 0.431300 ms CreateObjectMapping: 0.207000 ms MarkObjects: 2.089900 ms  DeleteObjects: 0.118800 ms)

========================================================================
Received Prepare
Registering precompiled user dll's ...
Registered in 0.001498 seconds.
Begin MonoManager ReloadAssembly
Native extension for WindowsStandalone target not found
Refreshing native plugins compatible for Editor in 0.48 ms, found 1 plugins.
Preloading 0 native plugins for Editor in 0.00 ms.
Invoked RoslynAnalysisRunner static constructor.
RoslynAnalysisRunner will not be running.
RoslynAnalysisRunner has terminated.
Mono: successfully reloaded assembly
- Completed reload, in  0.891 seconds
Platform modules already initialized, skipping
Shader 'Universal Render Pipeline/Particles/Lit': fallback shader 'Universal Render Pipeline/Particles/SimpleLit' not found
Refreshing native plugins compatible for Editor in 0.46 ms, found 1 plugins.
Preloading 0 native plugins for Editor in 0.00 ms.
Unloading 2843 Unused Serialized files (Serialized files now loaded: 0)
System memory in use before: 128.6 MB.
System memory in use after: 128.7 MB.

Unloading 13 unused Assets to reduce memory usage. Loaded Objects now: 3516.
Total: 2.230300 ms (FindLiveObjects: 0.287200 ms CreateObjectMapping: 0.145400 ms MarkObjects: 1.694200 ms  DeleteObjects: 0.102700 ms)

========================================================================
Received Import Request.
  Time since last request: 451.629505 seconds.
  path: Assets/MousePositionSetter.cs
  artifactKey: Guid(7a5a768c93428db4aae404ac07d13856) Importer(815301076,1909f56bfc062723c751e8b465ee728b)
Start importing Assets/MousePositionSetter.cs using Guid(7a5a768c93428db4aae404ac07d13856) Importer(815301076,1909f56bfc062723c751e8b465ee728b)  -> (artifact id: '4b7dc983baacc4d41709d587cf070765') in 0.008483 seconds
  Import took 0.019359 seconds .

========================================================================
Received Prepare
Registering precompiled user dll's ...
Registered in 0.001228 seconds.
Begin MonoManager ReloadAssembly
Native extension for WindowsStandalone target not found
Refreshing native plugins compatible for Editor in 0.54 ms, found 1 plugins.
Preloading 0 native plugins for Editor in 0.00 ms.
Invoked RoslynAnalysisRunner static constructor.
RoslynAnalysisRunner will not be running.
RoslynAnalysisRunner has terminated.
Mono: successfully reloaded assembly
- Completed reload, in  0.827 seconds
Platform modules already initialized, skipping
Shader 'Universal Render Pipeline/Particles/Lit': fallback shader 'Universal Render Pipeline/Particles/SimpleLit' not found
Refreshing native plugins compatible for Editor in 0.44 ms, found 1 plugins.
Preloading 0 native plugins for Editor in 0.00 ms.
Unloading 2843 Unused Serialized files (Serialized files now loaded: 0)
System memory in use before: 128.6 MB.
System memory in use after: 128.7 MB.

Unloading 13 unused Assets to reduce memory usage. Loaded Objects now: 3520.
Total: 3.248800 ms (FindLiveObjects: 0.487200 ms CreateObjectMapping: 0.245900 ms MarkObjects: 2.389000 ms  DeleteObjects: 0.125600 ms)

========================================================================
Received Prepare
Registering precompiled user dll's ...
Registered in 0.001081 seconds.
Begin MonoManager ReloadAssembly
Native extension for WindowsStandalone target not found
Refreshing native plugins compatible for Editor in 0.49 ms, found 1 plugins.
Preloading 0 native plugins for Editor in 0.00 ms.
Invoked RoslynAnalysisRunner static constructor.
RoslynAnalysisRunner will not be running.
RoslynAnalysisRunner has terminated.
Mono: successfully reloaded assembly
- Completed reload, in  0.783 seconds
Platform modules already initialized, skipping
Shader 'Universal Render Pipeline/Particles/Lit': fallback shader 'Universal Render Pipeline/Particles/SimpleLit' not found
Refreshing native plugins compatible for Editor in 0.46 ms, found 1 plugins.
Preloading 0 native plugins for Editor in 0.00 ms.
Unloading 2843 Unused Serialized files (Serialized files now loaded: 0)
System memory in use before: 128.6 MB.
System memory in use after: 128.7 MB.

Unloading 13 unused Assets to reduce memory usage. Loaded Objects now: 3524.
Total: 2.496100 ms (FindLiveObjects: 0.366500 ms CreateObjectMapping: 0.128700 ms MarkObjects: 1.899800 ms  DeleteObjects: 0.100400 ms)

========================================================================
Received Import Request.
  Time since last request: 154.527841 seconds.
  path: Assets/MousePositionSetter.cs
  artifactKey: Guid(7a5a768c93428db4aae404ac07d13856) Importer(815301076,1909f56bfc062723c751e8b465ee728b)
Start importing Assets/MousePositionSetter.cs using Guid(7a5a768c93428db4aae404ac07d13856) Importer(815301076,1909f56bfc062723c751e8b465ee728b)  -> (artifact id: '8c3e70d0a73f255b88866878b7705aba') in 0.004540 seconds
  Import took 0.009029 seconds .

========================================================================
Received Import Request.
  Time since last request: 0.007099 seconds.
  path: Assets/MousePositionSetter.cs
  artifactKey: Guid(7a5a768c93428db4aae404ac07d13856) Importer(815301076,1909f56bfc062723c751e8b465ee728b)
Start importing Assets/MousePositionSetter.cs using Guid(7a5a768c93428db4aae404ac07d13856) Importer(815301076,1909f56bfc062723c751e8b465ee728b)  -> (artifact id: '8c3e70d0a73f255b88866878b7705aba') in 0.001923 seconds
  Import took 0.006509 seconds .

========================================================================
Received Prepare
Registering precompiled user dll's ...
Registered in 0.001366 seconds.
Begin MonoManager ReloadAssembly
Native extension for WindowsStandalone target not found
Refreshing native plugins compatible for Editor in 0.47 ms, found 1 plugins.
Preloading 0 native plugins for Editor in 0.00 ms.
Invoked RoslynAnalysisRunner static constructor.
RoslynAnalysisRunner will not be running.
RoslynAnalysisRunner has terminated.
Mono: successfully reloaded assembly
- Completed reload, in  0.781 seconds
Platform modules already initialized, skipping
Shader 'Universal Render Pipeline/Particles/Lit': fallback shader 'Universal Render Pipeline/Particles/SimpleLit' not found
Refreshing native plugins compatible for Editor in 0.45 ms, found 1 plugins.
Preloading 0 native plugins for Editor in 0.00 ms.
Unloading 2843 Unused Serialized files (Serialized files now loaded: 0)
System memory in use before: 128.6 MB.
System memory in use after: 128.7 MB.

Unloading 13 unused Assets to reduce memory usage. Loaded Objects now: 3528.
Total: 2.772100 ms (FindLiveObjects: 0.612300 ms CreateObjectMapping: 0.204800 ms MarkObjects: 1.848300 ms  DeleteObjects: 0.105900 ms)

========================================================================
Received Prepare
Registering precompiled user dll's ...
Registered in 0.001113 seconds.
Begin MonoManager ReloadAssembly
Native extension for WindowsStandalone target not found
Refreshing native plugins compatible for Editor in 0.44 ms, found 1 plugins.
Preloading 0 native plugins for Editor in 0.00 ms.
Invoked RoslynAnalysisRunner static constructor.
RoslynAnalysisRunner will not be running.
RoslynAnalysisRunner has terminated.
Mono: successfully reloaded assembly
- Completed reload, in  0.784 seconds
Platform modules already initialized, skipping
Shader 'Universal Render Pipeline/Particles/Lit': fallback shader 'Universal Render Pipeline/Particles/SimpleLit' not found
Refreshing native plugins compatible for Editor in 0.46 ms, found 1 plugins.
Preloading 0 native plugins for Editor in 0.00 ms.
Unloading 2843 Unused Serialized files (Serialized files now loaded: 0)
System memory in use before: 128.6 MB.
System memory in use after: 128.7 MB.

Unloading 13 unused Assets to reduce memory usage. Loaded Objects now: 3532.
Total: 2.226800 ms (FindLiveObjects: 0.275100 ms CreateObjectMapping: 0.138100 ms MarkObjects: 1.708400 ms  DeleteObjects: 0.104100 ms)

========================================================================
Received Prepare
Registering precompiled user dll's ...
Registered in 0.001144 seconds.
Begin MonoManager ReloadAssembly
Native extension for WindowsStandalone target not found
Refreshing native plugins compatible for Editor in 0.47 ms, found 1 plugins.
Preloading 0 native plugins for Editor in 0.00 ms.
Invoked RoslynAnalysisRunner static constructor.
RoslynAnalysisRunner will not be running.
RoslynAnalysisRunner has terminated.
Mono: successfully reloaded assembly
- Completed reload, in  0.788 seconds
Platform modules already initialized, skipping
Shader 'Universal Render Pipeline/Particles/Lit': fallback shader 'Universal Render Pipeline/Particles/SimpleLit' not found
Refreshing native plugins compatible for Editor in 0.46 ms, found 1 plugins.
Preloading 0 native plugins for Editor in 0.00 ms.
Unloading 2843 Unused Serialized files (Serialized files now loaded: 0)
System memory in use before: 128.6 MB.
System memory in use after: 128.7 MB.

Unloading 13 unused Assets to reduce memory usage. Loaded Objects now: 3536.
Total: 2.812800 ms (FindLiveObjects: 0.321300 ms CreateObjectMapping: 0.149500 ms MarkObjects: 2.211100 ms  DeleteObjects: 0.130100 ms)

========================================================================
Received Prepare
Registering precompiled user dll's ...
Registered in 0.001252 seconds.
Begin MonoManager ReloadAssembly
Native extension for WindowsStandalone target not found
Refreshing native plugins compatible for Editor in 0.45 ms, found 1 plugins.
Preloading 0 native plugins for Editor in 0.00 ms.
Invoked RoslynAnalysisRunner static constructor.
RoslynAnalysisRunner will not be running.
RoslynAnalysisRunner has terminated.
Mono: successfully reloaded assembly
- Completed reload, in  0.819 seconds
Platform modules already initialized, skipping
Shader 'Universal Render Pipeline/Particles/Lit': fallback shader 'Universal Render Pipeline/Particles/SimpleLit' not found
Refreshing native plugins compatible for Editor in 0.46 ms, found 1 plugins.
Preloading 0 native plugins for Editor in 0.00 ms.
Unloading 2843 Unused Serialized files (Serialized files now loaded: 0)
System memory in use before: 128.6 MB.
System memory in use after: 128.8 MB.

Unloading 13 unused Assets to reduce memory usage. Loaded Objects now: 3540.
Total: 2.565500 ms (FindLiveObjects: 0.264000 ms CreateObjectMapping: 0.107900 ms MarkObjects: 2.094100 ms  DeleteObjects: 0.098900 ms)

AssetImportWorkerClient::OnTransportError - code=2 error=End of file
